Sun, 28 Feb 2010 10:53:12 -0600 [cl69.justhost.com 28672][Tera-WURFL] WARNING: Loading patch: custom_web_patch.xml
Sun, 28 Feb 2010 10:53:12 -0600 [cl69.justhost.com 28672][Tera-WURFL] WARNING: Loading patch: web_browsers_patch.xml
Sun, 28 Feb 2010 10:53:14 -0600 [cl69.justhost.com 28672][Tera-WURFL] WARNING: Finished loading WURFL www.wurflpro.com - 2010-02-03 10:31:00 (Wed Feb 03 10:35:26 -0600 2010) in 6.36 seconds
Sun, 28 Feb 2010 10:53:37 -0600 [cl69.justhost.com 28840][Tera-WURFL] WARNING: Loading patch: custom_web_patch.xml
Sun, 28 Feb 2010 10:53:37 -0600 [cl69.justhost.com 28840][Tera-WURFL] WARNING: Loading patch: web_browsers_patch.xml
Sun, 28 Feb 2010 10:53:40 -0600 [cl69.justhost.com 28840][Tera-WURFL] WARNING: Finished loading WURFL www.wurflpro.com - 2010-02-03 10:31:00 (Wed Feb 03 10:35:26 -0600 2010) in 6.49 seconds
Mon, 29 Mar 2010 13:10:36 -0500 [cl69.justhost.com 29701][Tera-WURFL] WARNING: Loading patch: custom_web_patch.xml
Mon, 29 Mar 2010 13:10:36 -0500 [cl69.justhost.com 29701][Tera-WURFL] WARNING: Loading patch: web_browsers_patch.xml
Mon, 29 Mar 2010 13:10:39 -0500 [cl69.justhost.com 29701][Tera-WURFL] WARNING: Finished loading WURFL www.wurflpro.com - 2010-02-03 10:31:00 (Wed Feb 03 10:35:26 -0600 2010) in 8 seconds
Mon, 29 Mar 2010 13:32:20 -0500 [cl69.justhost.com 23097][Tera-WURFL] WARNING: Loading patch: custom_web_patch.xml
Mon, 29 Mar 2010 13:32:20 -0500 [cl69.justhost.com 23097][Tera-WURFL] WARNING: Loading patch: web_browsers_patch.xml
Mon, 29 Mar 2010 13:32:23 -0500 [cl69.justhost.com 23097][Tera-WURFL] WARNING: Finished loading WURFL www.wurflpro.com - 2010-03-22 04:19:34 (Mon Mar 22 04:24:15 -0500 2010) in 6.85 seconds
Wed, 31 Mar 2010 18:27:17 -0500 [cl69.justhost.com 30088][Tera-WURFL] WARNING: Loading patch: custom_web_patch.xml
Wed, 31 Mar 2010 18:27:17 -0500 [cl69.justhost.com 30088][Tera-WURFL] WARNING: Loading patch: web_browsers_patch.xml
Wed, 31 Mar 2010 18:27:20 -0500 [cl69.justhost.com 30088][Tera-WURFL] WARNING: Finished loading WURFL www.wurflpro.com - 2010-03-22 04:19:34 (Mon Mar 22 04:24:15 -0500 2010) in 6.93 seconds
Mon, 14 Jun 2010 08:59:11 -0500 [cl69.justhost.com 2083][Tera-WURFL] WARNING: Loading patch: custom_web_patch.xml
Mon, 14 Jun 2010 08:59:11 -0500 [cl69.justhost.com 2083][Tera-WURFL] WARNING: Loading patch: web_browsers_patch.xml
Mon, 14 Jun 2010 08:59:16 -0500 [cl69.justhost.com 2083][Tera-WURFL] WARNING: Finished loading WURFL www.wurflpro.com - 2010-06-03 11:55:51 (Thu Jun 03 12:01:14 -0500 2010) in 9.35 seconds
Fri, 25 Jun 2010 10:59:20 -0500 [cl69.justhost.com 16160][Tera-WURFL] WARNING: Loading patch: custom_web_patch.xml
Fri, 25 Jun 2010 10:59:20 -0500 [cl69.justhost.com 16160][Tera-WURFL] WARNING: Loading patch: web_browsers_patch.xml
Fri, 25 Jun 2010 10:59:24 -0500 [cl69.justhost.com 16160][Tera-WURFL] WARNING: Finished loading WURFL www.wurflpro.com - 2010-06-03 11:55:51 (Thu Jun 03 12:01:14 -0500 2010) in 8.32 seconds
Fri, 25 Jun 2010 11:02:08 -0500 [cl69.justhost.com 31756][Tera-WURFL] WARNING: Loading patch: custom_web_patch.xml
Fri, 25 Jun 2010 11:02:08 -0500 [cl69.justhost.com 31756][Tera-WURFL] WARNING: Loading patch: web_browsers_patch.xml
Fri, 25 Jun 2010 11:02:12 -0500 [cl69.justhost.com 31756][Tera-WURFL] WARNING: Finished loading WURFL www.wurflpro.com - 2010-06-03 11:55:51 (Thu Jun 03 12:01:14 -0500 2010) in 7.97 seconds
Fri, 09 Jul 2010 05:32:59 -0500 [cl69.justhost.com 14308][Tera-WURFL] WARNING: Loading patch: custom_web_patch.xml
Fri, 09 Jul 2010 05:32:59 -0500 [cl69.justhost.com 14308][Tera-WURFL] WARNING: Loading patch: web_browsers_patch.xml
Fri, 09 Jul 2010 05:33:04 -0500 [cl69.justhost.com 14308][Tera-WURFL] WARNING: Finished loading WURFL www.wurflpro.com - 2010-06-03 11:55:51 (Thu Jun 03 12:01:14 -0500 2010) in 9.24 seconds
